<?xml version="1.0" encoding="UTF-8"?>
<robot generator="Robot 3.1.2 (Python 3.8.0 on win32)" generated="20191027 16:31:03.437" rpa="false">
<suite id="s1" name="Workshop-Day-1" source="C:\Users\atthaboon\eclipse-workspace-new\Workshop-Day-1">
<suite id="s1-s1" name="Demo Variable" source="C:\Users\atthaboon\eclipse-workspace-new\Workshop-Day-1\Demo_Variable.robot">
<test id="s1-s1-t1" name="Demo Dictionary">
<kw name="Create Dictionary" library="BuiltIn">
<doc>Creates and returns a dictionary based on the given ``items``.</doc>
<arguments>
<arg>username=john</arg>
<arg>password=welcome1</arg>
</arguments>
<assign>
<var>&amp;{user1}</var>
</assign>
<msg timestamp="20191027 16:31:03.467" level="INFO">&amp;{user1} = { username=john | password=welcome1 }</msg>
<status status="PASS" starttime="20191027 16:31:03.466" endtime="20191027 16:31:03.467"></status>
</kw>
<kw name="Create Dictionary" library="BuiltIn">
<doc>Creates and returns a dictionary based on the given ``items``.</doc>
<arguments>
<arg>username=mary</arg>
<arg>password=welcome2</arg>
</arguments>
<assign>
<var>&amp;{user2}</var>
</assign>
<msg timestamp="20191027 16:31:03.468" level="INFO">&amp;{user2} = { username=mary | password=welcome2 }</msg>
<status status="PASS" starttime="20191027 16:31:03.467" endtime="20191027 16:31:03.468"></status>
</kw>
<kw name="Log" library="BuiltIn">
<doc>Logs the given message with the given level.</doc>
<arguments>
<arg>${user1.username}</arg>
</arguments>
<msg timestamp="20191027 16:31:03.469" level="INFO">john</msg>
<status status="PASS" starttime="20191027 16:31:03.468" endtime="20191027 16:31:03.469"></status>
</kw>
<kw name="Log" library="BuiltIn">
<doc>Logs the given message with the given level.</doc>
<arguments>
<arg>${user2.password}</arg>
</arguments>
<msg timestamp="20191027 16:31:03.469" level="INFO">welcome2</msg>
<status status="PASS" starttime="20191027 16:31:03.469" endtime="20191027 16:31:03.469"></status>
</kw>
<tags>
<tag>SmokeTest</tag>
</tags>
<status status="PASS" starttime="20191027 16:31:03.466" endtime="20191027 16:31:03.470" critical="yes"></status>
</test>
<status status="PASS" starttime="20191027 16:31:03.464" endtime="20191027 16:31:03.471"></status>
</suite>
<suite id="s1-s2" name="Testscripts" source="C:\Users\atthaboon\eclipse-workspace-new\Workshop-Day-1\testscripts">
<suite id="s1-s2-s1" name="Demo Resource File" source="C:\Users\atthaboon\eclipse-workspace-new\Workshop-Day-1\testscripts\Demo_Resource_File.robot">
<kw name="Ecommerce Suite Setup" library="Common" type="setup">
<kw name="Open Browser" library="SeleniumLibrary">
<doc>Opens a new browser instance to the optional ``url``.</doc>
<arguments>
<arg>url=${Target URL}</arg>
<arg>browser=${Browser}</arg>
</arguments>
<msg timestamp="20191027 16:31:03.709" level="INFO">Opening browser 'gc' to base url 'http://automationpractice.com/index.php'.</msg>
<status status="PASS" starttime="20191027 16:31:03.709" endtime="20191027 16:31:12.907"></status>
</kw>
<kw name="Maximize Browser Window" library="SeleniumLibrary">
<doc>Maximizes current browser window.</doc>
<kw name="Capture Page Screenshot" library="SeleniumLibrary">
<doc>Takes a screenshot of the current page and embeds it into a log file.</doc>
<msg timestamp="20191027 16:31:12.919" level="FAIL">NoSuchWindowException: Message: no such window: target window already closed
from unknown error: web view not found
  (Session info: chrome=78.0.3904.70)
</msg>
<status status="FAIL" starttime="20191027 16:31:12.911" endtime="20191027 16:31:12.919"></status>
</kw>
<msg timestamp="20191027 16:31:12.920" level="WARN">Keyword 'Capture Page Screenshot' could not be run on failure: NoSuchWindowException: Message: no such window: target window already closed
from unknown error: web view not found
  (Session info: chrome=78.0.3904.70)
</msg>
<msg timestamp="20191027 16:31:12.922" level="FAIL">NoSuchWindowException: Message: no such window: target window already closed
from unknown error: web view not found
  (Session info: chrome=78.0.3904.70)
</msg>
<status status="FAIL" starttime="20191027 16:31:12.907" endtime="20191027 16:31:12.922"></status>
</kw>
<status status="FAIL" starttime="20191027 16:31:03.709" endtime="20191027 16:31:12.923"></status>
</kw>
<test id="s1-s2-s1-t1" name="Demo page resource Verify add single product">
<tags>
<tag>SmokeTest</tag>
</tags>
<status status="FAIL" starttime="20191027 16:31:12.923" endtime="20191027 16:31:12.924" critical="yes">Parent suite setup failed:
NoSuchWindowException: Message: no such window: target window already closed
from unknown error: web view not found
  (Session info: chrome=78.0.3904.70)
</status>
</test>
<kw name="Close All Browsers" library="SeleniumLibrary" type="teardown">
<doc>Closes all open browsers and resets the browser cache.</doc>
<status status="PASS" starttime="20191027 16:31:12.929" endtime="20191027 16:31:15.025"></status>
</kw>
<status status="FAIL" starttime="20191027 16:31:03.474" endtime="20191027 16:31:15.025">Suite setup failed:
NoSuchWindowException: Message: no such window: target window already closed
from unknown error: web view not found
  (Session info: chrome=78.0.3904.70)
</status>
</suite>
<status status="FAIL" starttime="20191027 16:31:03.472" endtime="20191027 16:31:15.031"></status>
</suite>
<status status="FAIL" starttime="20191027 16:31:03.438" endtime="20191027 16:31:15.035"></status>
</suite>
<statistics>
<total>
<stat pass="1" fail="1">Critical Tests</stat>
<stat pass="1" fail="1">All Tests</stat>
</total>
<tag>
<stat pass="1" fail="1">SmokeTest</stat>
</tag>
<suite>
<stat pass="1" fail="1" id="s1" name="Workshop-Day-1">Workshop-Day-1</stat>
<stat pass="1" fail="0" id="s1-s1" name="Demo Variable">Workshop-Day-1.Demo Variable</stat>
<stat pass="0" fail="1" id="s1-s2" name="Testscripts">Workshop-Day-1.Testscripts</stat>
<stat pass="0" fail="1" id="s1-s2-s1" name="Demo Resource File">Workshop-Day-1.Testscripts.Demo Resource File</stat>
</suite>
</statistics>
<errors>
<msg timestamp="20191027 16:31:12.920" level="WARN">Keyword 'Capture Page Screenshot' could not be run on failure: NoSuchWindowException: Message: no such window: target window already closed
from unknown error: web view not found
  (Session info: chrome=78.0.3904.70)
</msg>
</errors>
</robot>
